mode: set
temp/repositories/user_repo.go:19.30,21.2 1 1
temp/repositories/user_repo.go:23.36,25.2 1 0
temp/repositories/user_repo.go:27.49,29.2 1 0
temp/repositories/user_repo.go:31.68,34.22 3 0
temp/repositories/user_repo.go:34.22,35.51 1 0
temp/repositories/user_repo.go:35.51,37.4 1 0
temp/repositories/user_repo.go:38.3,38.24 1 0
temp/repositories/user_repo.go:40.2,40.16 1 0
temp/repositories/user_repo.go:43.60,46.22 3 0
temp/repositories/user_repo.go:46.22,47.51 1 0
temp/repositories/user_repo.go:47.51,49.4 1 0
temp/repositories/user_repo.go:50.3,50.24 1 0
temp/repositories/user_repo.go:52.2,52.16 1 0
temp/docs/docs.go:335.13,337.2 1 0
temp/main.go:37.13,51.16 10 0
temp/main.go:51.16,53.3 1 0
temp/main.go:54.2,59.16 4 0
temp/main.go:59.16,61.3 1 0
temp/main.go:62.2,67.45 4 0
temp/main.go:67.45,69.3 1 0
temp/main.go:71.2,76.43 4 0
temp/main.go:76.43,78.3 1 0
temp/main.go:80.2,87.47 6 0
temp/main.go:87.47,89.3 1 0
temp/core/viber.go:3.42,6.2 1 0
temp/config/db.go:11.44,12.23 1 0
temp/config/db.go:13.15,15.17 2 0
temp/config/db.go:15.17,17.4 1 0
temp/config/db.go:18.3,18.17 1 0
temp/config/db.go:19.10,22.17 2 0
temp/config/db.go:22.17,24.4 1 0
temp/config/db.go:25.3,25.17 1 0
temp/config/redis.go:12.35,13.24 1 0
temp/config/redis.go:13.24,15.3 1 0
temp/config/redis.go:17.2,24.53 3 0
temp/config/redis.go:24.53,26.3 1 0
temp/config/redis.go:28.2,28.12 1 0
temp/config/system.go:31.47,36.41 4 0
temp/config/system.go:36.41,38.3 1 0
temp/config/system.go:40.2,41.42 2 0
temp/config/system.go:41.42,43.3 1 0
temp/config/system.go:45.2,45.27 1 0
temp/config/system.go:45.27,47.3 1 0
temp/config/system.go:49.2,49.25 1 0
temp/config/system.go:49.25,51.3 1 0
temp/config/system.go:53.2,53.18 1 0
temp/services/user_service.go:30.100,36.2 1 1
temp/services/user_service.go:38.84,40.53 1 1
temp/services/user_service.go:40.53,42.3 1 1
temp/services/user_service.go:44.2,45.16 2 1
temp/services/user_service.go:45.16,47.3 1 0
temp/services/user_service.go:49.2,55.41 2 1
temp/services/user_service.go:55.41,57.3 1 0
temp/services/user_service.go:60.2,60.25 1 1
temp/services/user_service.go:60.25,63.85 3 0
temp/services/user_service.go:63.85,66.4 1 0
temp/services/user_service.go:69.2,69.15 1 1
temp/services/user_service.go:72.90,74.16 2 1
temp/services/user_service.go:74.16,76.3 1 1
temp/services/user_service.go:78.2,78.46 1 1
temp/services/user_service.go:78.46,80.3 1 1
temp/services/user_service.go:83.2,89.16 4 1
temp/services/user_service.go:89.16,91.3 1 0
temp/services/user_service.go:94.2,94.25 1 1
temp/services/user_service.go:94.25,97.86 3 0
temp/services/user_service.go:97.86,100.4 1 0
temp/services/user_service.go:103.2,103.23 1 1
temp/utils/hash.go:5.47,7.16 2 1
temp/utils/hash.go:7.16,9.3 1 0
temp/utils/hash.go:10.2,10.23 1 1
temp/utils/hash.go:13.41,14.81 1 1
temp/utils/hash.go:14.81,16.3 1 1
temp/utils/hash.go:17.2,17.13 1 1
temp/middlewares/auth.go:12.52,13.30 1 0
temp/middlewares/auth.go:13.30,15.17 2 0
temp/middlewares/auth.go:15.17,18.4 2 0
temp/middlewares/auth.go:20.3,21.63 2 0
temp/middlewares/auth.go:21.63,24.4 2 0
temp/middlewares/auth.go:26.3,27.73 2 0
temp/middlewares/auth.go:27.73,28.55 1 0
temp/middlewares/auth.go:28.55,30.5 1 0
temp/middlewares/auth.go:31.4,31.30 1 0
temp/middlewares/auth.go:33.3,33.31 1 0
temp/middlewares/auth.go:33.31,36.4 2 0
temp/middlewares/auth.go:38.3,38.51 1 0
temp/middlewares/auth.go:38.51,40.4 1 0
temp/middlewares/auth.go:42.3,42.11 1 0
temp/middlewares/logging.go:9.42,10.30 1 0
temp/middlewares/logging.go:10.30,19.3 7 0
temp/middlewares/recovery.go:9.43,10.30 1 0
temp/middlewares/recovery.go:10.30,11.16 1 0
temp/middlewares/recovery.go:11.16,12.32 1 0
temp/middlewares/recovery.go:12.32,14.5 1 0
temp/middlewares/recovery.go:16.3,16.11 1 0
temp/testutils/test_helpers.go:15.36,21.2 1 0
temp/testutils/test_helpers.go:24.48,31.2 1 0
temp/testutils/test_helpers.go:34.76,36.17 2 0
temp/testutils/test_helpers.go:36.17,38.3 1 0
temp/testutils/test_helpers.go:39.2,41.12 3 0
temp/testutils/test_helpers.go:45.80,49.2 3 0
temp/testutils/test_helpers.go:52.86,58.2 5 0
temp/testutils/test_helpers.go:61.52,63.2 1 0
temp/handlers/user_handler.go:18.67,20.2 1 1
temp/handlers/user_handler.go:33.48,40.47 2 1
temp/handlers/user_handler.go:40.47,43.3 2 1
temp/handlers/user_handler.go:45.2,46.16 2 1
temp/handlers/user_handler.go:46.16,49.3 2 1
temp/handlers/user_handler.go:51.2,51.81 1 1
temp/handlers/user_handler.go:65.45,71.47 2 1
temp/handlers/user_handler.go:71.47,74.3 2 1
temp/handlers/user_handler.go:76.2,77.16 2 1
temp/handlers/user_handler.go:77.16,80.3 2 1
temp/handlers/user_handler.go:82.2,82.107 1 1
temp/handlers/user_handler.go:95.47,97.13 2 1
temp/handlers/user_handler.go:97.13,100.3 2 1
temp/handlers/user_handler.go:102.2,103.31 2 1
temp/handlers/user_handler.go:104.15,105.19 1 1
temp/handlers/user_handler.go:106.14,107.45 1 1
temp/handlers/user_handler.go:107.45,109.4 1 1
temp/handlers/user_handler.go:110.11,111.19 1 0
temp/handlers/user_handler.go:112.12,113.13 1 1
temp/handlers/user_handler.go:116.2,116.89 1 1
temp/handlers/user_handler.go:130.51,136.47 2 0
temp/handlers/user_handler.go:136.47,139.3 2 0
temp/handlers/user_handler.go:141.2,142.75 2 0
temp/handlers/user_handler.go:142.75,145.3 2 0
temp/handlers/user_handler.go:147.2,147.101 1 0
temp/routes/router.go:12.81,22.2 7 0
temp/routes/router.go:22.2,27.3 4 0
temp/routes/router.go:29.2,29.10 1 0
